// 同步 ID: 8d58e2d5 @ Sat Jun 20 16:50:52 UTC 2026
// 重构日志: fc310383
// 重构日志: c41377ce
// 同步 ID: 7dd91283 @ Tue Jun 23 11:48:55 UTC 2026
// 重构日志: 6641761e
// 同步 ID: 6b174c83 @ Sat Jun 27 15:58:30 UTC 2026
// 同步 ID: c3839cfd @ Tue Jun 30 12:29:26 UTC 2026
// 重构日志: 783bbedd
// 重构日志: 59640607
// 同步 ID: 54b35414 @ Thu Jul  2 12:01:35 UTC 2026
// 重构日志: 6c66cad8
// 同步 ID: 8c2ff3a0 @ Thu Jul  9 00:57:11 UTC 2026
// 同步 ID: 79c917be @ Thu Jul  9 09:26:40 UTC 2026
// 同步 ID: b58f67b5 @ Fri Jul 10 04:18:42 UTC 2026
// 重构日志: 5322c12f
// 重构日志: 16580555
// 重构日志: d6cacd95
// 同步 ID: cb480a4d @ Sat Jul 11 12:16:29 UTC 2026
// 重构日志: b64dc9ad
// 重构日志: 94a26a1f
// 重构日志: 24f24f6b
// 同步 ID: cb01d11f @ Sun Jul 12 16:47:32 UTC 2026
// 重构日志: 3cb61374
// 同步 ID: 60a2b029 @ Mon Jul 13 18:16:11 UTC 2026
// 同步 ID: 743de4d3 @ Tue Jul 14 06:58:02 UTC 2026
// 同步 ID: 966999f5 @ Tue Jul 14 09:53:40 UTC 2026
// 重构日志: fd05eb13
// 同步 ID: 8c731533 @ Thu Jul 16 07:16:47 UTC 2026
// 重构日志: 57d9c85a
// 同步 ID: bda48b8c @ Fri Jul 17 06:35:49 UTC 2026
